[debug] [2022-02-08T17:26:37.981Z] ----------------------------------------------------------------------
[debug] [2022-02-08T17:26:37.983Z] Command:       D:\Node.js\node.exe C:\Users\hp\AppData\Roaming\npm\node_modules\firebase-tools\lib\bin\firebase.js emulators:start
[debug] [2022-02-08T17:26:37.984Z] CLI Version:   9.23.0
[debug] [2022-02-08T17:26:37.984Z] Platform:      win32
[debug] [2022-02-08T17:26:37.984Z] Node Version:  v14.18.0
[debug] [2022-02-08T17:26:37.987Z] Time:          Tue Feb 08 2022 22:56:37 GMT+0530 (India Standard Time)
[debug] [2022-02-08T17:26:37.987Z] ----------------------------------------------------------------------
[debug] 
[debug] [2022-02-08T17:26:38.002Z] >>> [apiv2][query] GET https://firebase-public.firebaseio.com/cli.json [none]
[debug] [2022-02-08T17:26:38.104Z] > command requires scopes: ["email","openid","https://www.googleapis.com/auth/cloudplatformprojects.readonly","https://www.googleapis.com/auth/firebase","https://www.googleapis.com/auth/cloud-platform"]
[debug] [2022-02-08T17:26:38.105Z] > authorizing via signed-in user (nishaant2211@gmail.com)
[info] i  emulators: Starting emulators: functions, database {"metadata":{"emulator":{"name":"hub"},"message":"Starting emulators: functions, database"}}
[warn] !  emulators: It seems that you are running multiple instances of the emulator suite for project envagle-beauty. This may result in unexpected behavior. 
[debug] [2022-02-08T17:26:38.127Z] [hub] writing locator at C:\Users\hp\AppData\Local\Temp\hub-envagle-beauty.json
[warn] !  functions: The following emulators are not running, calls to these services from the Functions emulator will affect production: auth, firestore, hosting, pubsub, storage {"metadata":{"emulator":{"name":"functions"},"message":"The following emulators are not running, calls to these services from the Functions emulator will affect production: \u001b[1mauth, firestore, hosting, pubsub, storage\u001b[22m"}}
[warn] !  Your functions directory does not specify a Node version.
   - Learn more at https://firebase.google.com/docs/functions/manage-functions#set_runtime_options {"metadata":{"emulator":{"name":"functions"},"message":"Your functions directory does not specify a Node version.\n   - Learn more at https://firebase.google.com/docs/functions/manage-functions#set_runtime_options"}}
[debug] [2022-02-08T17:26:38.150Z] defaultcredentials: writing to file C:\Users\hp\AppData\Roaming\firebase\nishaant2211_gmail_com_application_default_credentials.json
[debug] [2022-02-08T17:26:38.152Z] Setting GAC to C:\Users\hp\AppData\Roaming\firebase\nishaant2211_gmail_com_application_default_credentials.json {"metadata":{"emulator":{"name":"functions"},"message":"Setting GAC to C:\\Users\\hp\\AppData\\Roaming\\firebase\\nishaant2211_gmail_com_application_default_credentials.json"}}
[debug] [2022-02-08T17:26:38.153Z] > refreshing access token with scopes: []
[debug] [2022-02-08T17:26:38.154Z] >>> HTTP REQUEST POST https://www.googleapis.com/oauth2/v3/token  
 <request body omitted>
[debug] [2022-02-08T17:26:38.374Z] <<< HTTP RESPONSE 200 {"pragma":"no-cache","expires":"Mon, 01 Jan 1990 00:00:00 GMT","date":"Tue, 08 Feb 2022 17:26:38 GMT","cache-control":"no-cache, no-store, max-age=0, must-revalidate","content-type":"application/json; charset=utf-8","vary":"X-Origin, Referer, Origin,Accept-Encoding","server":"scaffolding on HTTPServer2","x-xss-protection":"0","x-frame-options":"SAMEORIGIN","x-content-type-options":"nosniff","alt-svc":"h3=\":443\"; ma=2592000,h3-29=\":443\"; ma=2592000,h3-Q050=\":443\"; ma=2592000,h3-Q046=\":443\"; ma=2592000,h3-Q043=\":443\"; ma=2592000,quic=\":443\"; ma=2592000; v=\"46,43\"","accept-ranges":"none","transfer-encoding":"chunked"}
[debug] [2022-02-08T17:26:38.392Z] >>> [apiv2][query] GET https://firebase.googleapis.com/v1beta1/projects/envagle-beauty/adminSdkConfig [none]
[debug] [2022-02-08T17:26:38.920Z] <<< [apiv2][status] GET https://firebase.googleapis.com/v1beta1/projects/envagle-beauty/adminSdkConfig 403
[debug] [2022-02-08T17:26:38.920Z] <<< [apiv2][body] GET https://firebase.googleapis.com/v1beta1/projects/envagle-beauty/adminSdkConfig {"error":{"code":403,"message":"The caller does not have permission","status":"PERMISSION_DENIED"}}
[debug] [2022-02-08T17:26:38.920Z] Failed to get Admin SDK config for envagle-beauty, falling back to cache Failed to get Admin SDK for Firebase project envagle-beauty. Please make sure the project exists and your account has permission to access it. {"name":"FirebaseError","children":[],"exit":2,"message":"Failed to get Admin SDK for Firebase project envagle-beauty. Please make sure the project exists and your account has permission to access it.","original":{"name":"FirebaseError","children":[],"context":{"body":{"error":{"code":403,"message":"The caller does not have permission","status":"PERMISSION_DENIED"}},"response":{"statusCode":403}},"exit":1,"message":"HTTP Error: 403, The caller does not have permission","status":403},"status":500}
[warn] !  functions: Unable to fetch project Admin SDK configuration, Admin SDK behavior in Cloud Functions emulator may be incorrect. {"metadata":{"emulator":{"name":"functions"},"message":"Unable to fetch project Admin SDK configuration, Admin SDK behavior in Cloud Functions emulator may be incorrect."}}
[debug] [2022-02-08T17:26:38.926Z] >>> [apiv2][query] GET https://firebase.googleapis.com/v1beta1/projects/envagle-beauty [none]
[debug] [2022-02-08T17:26:38.997Z] <<< [apiv2][status] GET https://firebase-public.firebaseio.com/cli.json 200
[debug] [2022-02-08T17:26:38.997Z] <<< [apiv2][body] GET https://firebase-public.firebaseio.com/cli.json {"cloudBuildErrorAfter":1594252800000,"cloudBuildWarnAfter":1590019200000,"defaultNode10After":1594252800000,"minVersion":"3.0.5","node8DeploysDisabledAfter":1613390400000,"node8RuntimeDisabledAfter":1615809600000,"node8WarnAfter":1600128000000}
[debug] [2022-02-08T17:26:39.436Z] <<< [apiv2][status] GET https://firebase.googleapis.com/v1beta1/projects/envagle-beauty 403
[debug] [2022-02-08T17:26:39.437Z] <<< [apiv2][body] GET https://firebase.googleapis.com/v1beta1/projects/envagle-beauty {"error":{"code":403,"message":"The caller does not have permission","status":"PERMISSION_DENIED"}}
[debug] [2022-02-08T17:26:39.437Z] HTTP Error: 403, The caller does not have permission
[debug] [2022-02-08T17:26:39.438Z] Failed to retrieve default database instance: {"name":"FirebaseError","children":[],"exit":2,"message":"Failed to get Firebase project envagle-beauty. Please make sure the project exists and your account has permission to access it.","original":{"name":"FirebaseError","children":[],"context":{"body":{"error":{"code":403,"message":"The caller does not have permission","status":"PERMISSION_DENIED"}},"response":{"statusCode":403}},"exit":1,"message":"HTTP Error: 403, The caller does not have permission","status":403},"status":500} {"metadata":{"emulator":{"name":"database"},"message":"Failed to retrieve default database instance: {\"name\":\"FirebaseError\",\"children\":[],\"exit\":2,\"message\":\"Failed to get Firebase project envagle-beauty. Please make sure the project exists and your account has permission to access it.\",\"original\":{\"name\":\"FirebaseError\",\"children\":[],\"context\":{\"body\":{\"error\":{\"code\":403,\"message\":\"The caller does not have permission\",\"status\":\"PERMISSION_DENIED\"}},\"response\":{\"statusCode\":403}},\"exit\":1,\"message\":\"HTTP Error: 403, The caller does not have permission\",\"status\":403},\"status\":500}"}}
[debug] [2022-02-08T17:26:39.439Z] database rules config:  [{"instance":"envagle-beauty-default-rtdb","rules":"C:\\Users\\hp\\Desktop\\WebDev\\EvangleBeauty\\envagle_beauty\\database.rules.json"}]
[debug] [2022-02-08T17:26:39.451Z] Ignoring unsupported arg: projectId {"metadata":{"emulator":{"name":"database"},"message":"Ignoring unsupported arg: projectId"}}
[debug] [2022-02-08T17:26:39.452Z] Ignoring unsupported arg: auto_download {"metadata":{"emulator":{"name":"database"},"message":"Ignoring unsupported arg: auto_download"}}
[debug] [2022-02-08T17:26:39.452Z] Ignoring unsupported arg: rules {"metadata":{"emulator":{"name":"database"},"message":"Ignoring unsupported arg: rules"}}
[debug] [2022-02-08T17:26:39.452Z] Starting Database Emulator with command {"binary":"java","args":["-Duser.language=en","-jar","C:\\Users\\hp\\.cache\\firebase\\emulators\\firebase-database-emulator-v4.7.2.jar","--host","localhost","--port",9000,"--functions_emulator_host","localhost","--functions_emulator_port",5001],"optionalArgs":["port","host","functions_emulator_port","functions_emulator_host"],"joinArgs":false} {"metadata":{"emulator":{"name":"database"},"message":"Starting Database Emulator with command {\"binary\":\"java\",\"args\":[\"-Duser.language=en\",\"-jar\",\"C:\\\\Users\\\\hp\\\\.cache\\\\firebase\\\\emulators\\\\firebase-database-emulator-v4.7.2.jar\",\"--host\",\"localhost\",\"--port\",9000,\"--functions_emulator_host\",\"localhost\",\"--functions_emulator_port\",5001],\"optionalArgs\":[\"port\",\"host\",\"functions_emulator_port\",\"functions_emulator_host\"],\"joinArgs\":false}"}}
[info] i  database: Database Emulator logging to database-debug.log {"metadata":{"emulator":{"name":"database"},"message":"Database Emulator logging to \u001b[1mdatabase-debug.log\u001b[22m"}}
[debug] [2022-02-08T17:26:42.381Z] Ignoring unsupported arg: auto_download {"metadata":{"emulator":{"name":"ui"},"message":"Ignoring unsupported arg: auto_download"}}
[debug] [2022-02-08T17:26:42.381Z] Ignoring unsupported arg: port {"metadata":{"emulator":{"name":"ui"},"message":"Ignoring unsupported arg: port"}}
[debug] [2022-02-08T17:26:42.382Z] Starting Emulator UI with command {"binary":"node","args":["C:\\Users\\hp\\.cache\\firebase\\emulators\\ui-v1.6.4\\server.bundle.js"],"optionalArgs":[],"joinArgs":false} {"metadata":{"emulator":{"name":"ui"},"message":"Starting Emulator UI with command {\"binary\":\"node\",\"args\":[\"C:\\\\Users\\\\hp\\\\.cache\\\\firebase\\\\emulators\\\\ui-v1.6.4\\\\server.bundle.js\"],\"optionalArgs\":[],\"joinArgs\":false}"}}
[info] i  ui: Emulator UI logging to ui-debug.log {"metadata":{"emulator":{"name":"ui"},"message":"Emulator UI logging to \u001b[1mui-debug.log\u001b[22m"}}
[debug] [2022-02-08T17:26:42.603Z] Web / API server started at localhost:4000
 {"metadata":{"emulator":{"name":"ui"},"message":"Web / API server started at localhost:4000\n"}}
[info] i  functions: Watching "C:\Users\hp\Desktop\WebDev\EvangleBeauty\envagle_beauty\functions" for Cloud Functions... {"metadata":{"emulator":{"name":"functions"},"message":"Watching \"C:\\Users\\hp\\Desktop\\WebDev\\EvangleBeauty\\envagle_beauty\\functions\" for Cloud Functions..."}}
[debug] [2022-02-08T17:26:42.665Z] [worker-pool] addWorker(~diagnostic~) {"metadata":{"emulator":{"name":"functions"},"message":"[worker-pool] addWorker(~diagnostic~)"}}
[debug] [2022-02-08T17:26:42.665Z] [worker-pool] Adding worker with key ~diagnostic~, total=1 {"metadata":{"emulator":{"name":"functions"},"message":"[worker-pool] Adding worker with key ~diagnostic~, total=1"}}
[debug] [2022-02-08T17:26:42.665Z] [worker-pool] submitWork(triggerId=) {"metadata":{"emulator":{"name":"functions"},"message":"[worker-pool] submitWork(triggerId=)"}}
[debug] [2022-02-08T17:26:42.666Z] [worker-~diagnostic~-3f0ee508-f981-49a0-9431-36edc9ed373b]: Assigning socketPath: \\?\pipe\C:\Users\hp\Desktop\WebDev\EvangleBeauty\envagle_beauty\functions\15156 {"metadata":{"emulator":{"name":"functions"},"message":"[worker-~diagnostic~-3f0ee508-f981-49a0-9431-36edc9ed373b]: Assigning socketPath: \\\\?\\pipe\\C:\\Users\\hp\\Desktop\\WebDev\\EvangleBeauty\\envagle_beauty\\functions\\15156"}}
[debug] [2022-02-08T17:26:42.666Z] [worker-~diagnostic~-3f0ee508-f981-49a0-9431-36edc9ed373b]: BUSY {"metadata":{"emulator":{"name":"functions"},"message":"[worker-~diagnostic~-3f0ee508-f981-49a0-9431-36edc9ed373b]: BUSY"}}
[debug] [2022-02-08T17:26:42.907Z] [runtime-status] [15156] Functions runtime initialized. {"cwd":"C:\\Users\\hp\\Desktop\\WebDev\\EvangleBeauty\\envagle_beauty\\functions","node_version":"14.18.0"} {"metadata":{"emulator":{"name":"functions"},"message":"[runtime-status] [15156] Functions runtime initialized. {\"cwd\":\"C:\\\\Users\\\\hp\\\\Desktop\\\\WebDev\\\\EvangleBeauty\\\\envagle_beauty\\\\functions\",\"node_version\":\"14.18.0\"}"}}
[debug] [2022-02-08T17:26:42.907Z] [runtime-status] [15156] Disabled runtime features: undefined {"metadata":{"emulator":{"name":"functions"},"message":"[runtime-status] [15156] Disabled runtime features: undefined"}}
[debug] [2022-02-08T17:26:42.912Z] [runtime-status] [15156] Resolved module firebase-admin {"declared":true,"installed":true,"version":"10.0.2","resolution":"C:\\Users\\hp\\Desktop\\WebDev\\EvangleBeauty\\envagle_beauty\\functions\\node_modules\\firebase-admin\\lib\\index.js"} {"metadata":{"emulator":{"name":"functions"},"message":"[runtime-status] [15156] Resolved module firebase-admin {\"declared\":true,\"installed\":true,\"version\":\"10.0.2\",\"resolution\":\"C:\\\\Users\\\\hp\\\\Desktop\\\\WebDev\\\\EvangleBeauty\\\\envagle_beauty\\\\functions\\\\node_modules\\\\firebase-admin\\\\lib\\\\index.js\"}"}}
[debug] [2022-02-08T17:26:42.913Z] [runtime-status] [15156] Resolved module firebase-functions {"declared":true,"installed":true,"version":"3.16.0","resolution":"C:\\Users\\hp\\Desktop\\WebDev\\EvangleBeauty\\envagle_beauty\\functions\\node_modules\\firebase-functions\\lib\\index.js"} {"metadata":{"emulator":{"name":"functions"},"message":"[runtime-status] [15156] Resolved module firebase-functions {\"declared\":true,\"installed\":true,\"version\":\"3.16.0\",\"resolution\":\"C:\\\\Users\\\\hp\\\\Desktop\\\\WebDev\\\\EvangleBeauty\\\\envagle_beauty\\\\functions\\\\node_modules\\\\firebase-functions\\\\lib\\\\index.js\"}"}}
[debug] [2022-02-08T17:26:42.915Z] [runtime-status] [15156] Outgoing network have been stubbed. [{"name":"http","status":"mocked"},{"name":"http","status":"mocked"},{"name":"https","status":"mocked"},{"name":"https","status":"mocked"},{"name":"net","status":"mocked"}] {"metadata":{"emulator":{"name":"functions"},"message":"[runtime-status] [15156] Outgoing network have been stubbed. [{\"name\":\"http\",\"status\":\"mocked\"},{\"name\":\"http\",\"status\":\"mocked\"},{\"name\":\"https\",\"status\":\"mocked\"},{\"name\":\"https\",\"status\":\"mocked\"},{\"name\":\"net\",\"status\":\"mocked\"}]"}}
[debug] [2022-02-08T17:26:42.915Z] [runtime-status] [15156] Resolved module firebase-functions {"declared":true,"installed":true,"version":"3.16.0","resolution":"C:\\Users\\hp\\Desktop\\WebDev\\EvangleBeauty\\envagle_beauty\\functions\\node_modules\\firebase-functions\\lib\\index.js"} {"metadata":{"emulator":{"name":"functions"},"message":"[runtime-status] [15156] Resolved module firebase-functions {\"declared\":true,\"installed\":true,\"version\":\"3.16.0\",\"resolution\":\"C:\\\\Users\\\\hp\\\\Desktop\\\\WebDev\\\\EvangleBeauty\\\\envagle_beauty\\\\functions\\\\node_modules\\\\firebase-functions\\\\lib\\\\index.js\"}"}}
[debug] [2022-02-08T17:26:43.328Z] [runtime-status] [15156] Checked functions.config() {"config":{}} {"metadata":{"emulator":{"name":"functions"},"message":"[runtime-status] [15156] Checked functions.config() {\"config\":{}}"}}
[debug] [2022-02-08T17:26:43.329Z] [runtime-status] [15156] firebase-functions has been stubbed. {"functionsResolution":{"declared":true,"installed":true,"version":"3.16.0","resolution":"C:\\Users\\hp\\Desktop\\WebDev\\EvangleBeauty\\envagle_beauty\\functions\\node_modules\\firebase-functions\\lib\\index.js"}} {"metadata":{"emulator":{"name":"functions"},"message":"[runtime-status] [15156] firebase-functions has been stubbed. {\"functionsResolution\":{\"declared\":true,\"installed\":true,\"version\":\"3.16.0\",\"resolution\":\"C:\\\\Users\\\\hp\\\\Desktop\\\\WebDev\\\\EvangleBeauty\\\\envagle_beauty\\\\functions\\\\node_modules\\\\firebase-functions\\\\lib\\\\index.js\"}}"}}
[debug] [2022-02-08T17:26:43.329Z] [runtime-status] [15156] Resolved module firebase-functions {"declared":true,"installed":true,"version":"3.16.0","resolution":"C:\\Users\\hp\\Desktop\\WebDev\\EvangleBeauty\\envagle_beauty\\functions\\node_modules\\firebase-functions\\lib\\index.js"} {"metadata":{"emulator":{"name":"functions"},"message":"[runtime-status] [15156] Resolved module firebase-functions {\"declared\":true,\"installed\":true,\"version\":\"3.16.0\",\"resolution\":\"C:\\\\Users\\\\hp\\\\Desktop\\\\WebDev\\\\EvangleBeauty\\\\envagle_beauty\\\\functions\\\\node_modules\\\\firebase-functions\\\\lib\\\\index.js\"}"}}
[debug] [2022-02-08T17:26:43.330Z] [runtime-status] [15156] Resolved module firebase-admin {"declared":true,"installed":true,"version":"10.0.2","resolution":"C:\\Users\\hp\\Desktop\\WebDev\\EvangleBeauty\\envagle_beauty\\functions\\node_modules\\firebase-admin\\lib\\index.js"} {"metadata":{"emulator":{"name":"functions"},"message":"[runtime-status] [15156] Resolved module firebase-admin {\"declared\":true,\"installed\":true,\"version\":\"10.0.2\",\"resolution\":\"C:\\\\Users\\\\hp\\\\Desktop\\\\WebDev\\\\EvangleBeauty\\\\envagle_beauty\\\\functions\\\\node_modules\\\\firebase-admin\\\\lib\\\\index.js\"}"}}
[debug] [2022-02-08T17:26:43.331Z] [runtime-status] [15156] Resolved module firebase-functions {"declared":true,"installed":true,"version":"3.16.0","resolution":"C:\\Users\\hp\\Desktop\\WebDev\\EvangleBeauty\\envagle_beauty\\functions\\node_modules\\firebase-functions\\lib\\index.js"} {"metadata":{"emulator":{"name":"functions"},"message":"[runtime-status] [15156] Resolved module firebase-functions {\"declared\":true,\"installed\":true,\"version\":\"3.16.0\",\"resolution\":\"C:\\\\Users\\\\hp\\\\Desktop\\\\WebDev\\\\EvangleBeauty\\\\envagle_beauty\\\\functions\\\\node_modules\\\\firebase-functions\\\\lib\\\\index.js\"}"}}
[debug] [2022-02-08T17:26:43.331Z] [runtime-status] [15156] firebase-admin has been stubbed. {"adminResolution":{"declared":true,"installed":true,"version":"10.0.2","resolution":"C:\\Users\\hp\\Desktop\\WebDev\\EvangleBeauty\\envagle_beauty\\functions\\node_modules\\firebase-admin\\lib\\index.js"}} {"metadata":{"emulator":{"name":"functions"},"message":"[runtime-status] [15156] firebase-admin has been stubbed. {\"adminResolution\":{\"declared\":true,\"installed\":true,\"version\":\"10.0.2\",\"resolution\":\"C:\\\\Users\\\\hp\\\\Desktop\\\\WebDev\\\\EvangleBeauty\\\\envagle_beauty\\\\functions\\\\node_modules\\\\firebase-admin\\\\lib\\\\index.js\"}}"}}
[info] +  functions[us-central1-api]: http function initialized (http://localhost:5001/envagle-beauty/us-central1/api). {"metadata":{"emulator":{"name":"functions"},"message":"\u001b[1mhttp\u001b[22m function initialized (http://localhost:5001/envagle-beauty/us-central1/api)."}}
[debug] [2022-02-08T17:26:45.183Z] >>> HTTP REQUEST PUT http://localhost:9000/.settings/rules.json?ns=envagle-beauty-default-rtdb  
 {
  /* Visit https://firebase.google.com/docs/database/security to learn more about security rules. */
  "rules": {
    ".read": false,
    ".write": false
  }
}
[debug] [2022-02-08T17:26:45.184Z] [worker-~diagnostic~-3f0ee508-f981-49a0-9431-36edc9ed373b]: IDLE {"metadata":{"emulator":{"name":"functions"},"message":"[worker-~diagnostic~-3f0ee508-f981-49a0-9431-36edc9ed373b]: IDLE"}}
[debug] [2022-02-08T17:26:45.554Z] <<< HTTP RESPONSE 200 {"content-length":"15","content-type":"application/json; charset=utf-8","access-control-allow-origin":"*","cache-control":"no-cache","x-firebase-project-id":"envagle-beauty-default-rtdb","x-firebase-project-number":"123456789","x-firebase-uuid":"231c0fa8-2784-400c-a3c1-0cbf510cf13b"}
[info] 
┌─────────────────────────────────────────────────────────────┐
│ ✔  All emulators ready! It is now safe to connect your app. │
│ i  View Emulator UI at http://localhost:4000                │
└─────────────────────────────────────────────────────────────┘

┌───────────┬────────────────┬─────────────────────────────────┐
│ Emulator  │ Host:Port      │ View in Emulator UI             │
├───────────┼────────────────┼─────────────────────────────────┤
│ Functions │ localhost:5001 │ http://localhost:4000/functions │
├───────────┼────────────────┼─────────────────────────────────┤
│ Database  │ localhost:9000 │ http://localhost:4000/database  │
└───────────┴────────────────┴─────────────────────────────────┘
  Emulator Hub running at localhost:4400
  Other reserved ports: 4500

Issues? Report them at https://github.com/firebase/firebase-tools/issues and attach the *-debug.log files.
 
